<?xml version="1.0" encoding="UTF-8"?>
<!-- Generated by org.testng.reporters.JUnitXMLReporter -->
<testsuite ignored="0" hostname="WINDOWS-P98J5OV" failures="0" tests="2" name="Top_Page_Test" time="55.574" errors="0" timestamp="2023-10-26T19:18:27 BDT">
  <testcase classname="com.kinetik.Assesment_Automation_Testing.Test.Home_Page" name="HomePageTitleVerify" time="38.704"/>
  <testcase classname="com.kinetik.Assesment_Automation_Testing.Test.Home_Page" name="ProductCart" time="16.836"/>
</testsuite> <!-- Top_Page_Test -->
