<?xml version="1.0" encoding="UTF-8"?>
<testng-results ignored="0" total="2" passed="2" failed="0" skipped="0">
  <reporter-output>
  </reporter-output>
  <suite started-at="2023-10-26T19:17:32 BDT" name="Assesment_Test" finished-at="2023-10-26T19:18:27 BDT" duration-ms="55574">
    <groups>
    </groups>
    <test started-at="2023-10-26T19:17:32 BDT" name="Top_Page_Test" finished-at="2023-10-26T19:18:27 BDT" duration-ms="55574">
      <class name="com.kinetik.Assesment_Automation_Testing.Test.Home_Page">
        <test-method signature="HomePageTitleVerify()[pri:0, instance:com.kinetik.Assesment_Automation_Testing.Test.Home_Page@a3d8174]" started-at="2023-10-26T19:17:32 BDT" name="HomePageTitleVerify" finished-at="2023-10-26T19:18:10 BDT" duration-ms="38704" status="PASS">
          <reporter-output>
          </reporter-output>
        </test-method> <!-- HomePageTitleVerify -->
        <test-method signature="ProductCart()[pri:0, instance:com.kinetik.Assesment_Automation_Testing.Test.Home_Page@a3d8174]" started-at="2023-10-26T19:18:10 BDT" name="ProductCart" finished-at="2023-10-26T19:18:27 BDT" depends-on-methods="com.kinetik.Assesment_Automation_Testing.Test.Home_Page.HomePageTitleVerify" duration-ms="16836" status="PASS">
          <reporter-output>
          </reporter-output>
        </test-method> <!-- ProductCart -->
      </class> <!-- com.kinetik.Assesment_Automation_Testing.Test.Home_Page -->
    </test> <!-- Top_Page_Test -->
  </suite> <!-- Assesment_Test -->
</testng-results>
